  stdafx.cpp
  djikalg.cpp
c:\users\carl\source\repos\djikstraimplementation\djikstraimplementation\djikalg.cpp(80): warning C4018: '<': signed/unsigned mismatch
c:\users\carl\source\repos\djikstraimplementation\djikstraimplementation\djikalg.cpp(88): warning C4018: '<': signed/unsigned mismatch
c:\users\carl\source\repos\djikstraimplementation\djikstraimplementation\djikalg.cpp(100): warning C4018: '>=': signed/unsigned mismatch
c:\users\carl\source\repos\djikstraimplementation\djikstraimplementation\djikalg.cpp(109): warning C4018: '>=': signed/unsigned mismatch
c:\users\carl\source\repos\djikstraimplementation\djikstraimplementation\djikalg.cpp(119): warning C4018: '<': signed/unsigned mismatch
c:\users\carl\source\repos\djikstraimplementation\djikstraimplementation\djikalg.cpp(139): warning C4018: '>=': signed/unsigned mismatch
c:\users\carl\source\repos\djikstraimplementation\djikstraimplementation\djikalg.cpp(144): warning C4018: '<': signed/unsigned mismatch
c:\users\carl\source\repos\djikstraimplementation\djikstraimplementation\djikalg.cpp(152): warning C4018: '<': signed/unsigned mismatch
c:\users\carl\source\repos\djikstraimplementation\djikstraimplementation\djikalg.cpp(160): warning C4018: '<': signed/unsigned mismatch
c:\users\carl\source\repos\djikstraimplementation\djikstraimplementation\djikalg.cpp(170): warning C4018: '<': signed/unsigned mismatch
c:\users\carl\source\repos\djikstraimplementation\djikstraimplementation\djikalg.cpp(186): warning C4018: '<': signed/unsigned mismatch
c:\users\carl\source\repos\djikstraimplementation\djikstraimplementation\djikalg.cpp(219): warning C4018: '<': signed/unsigned mismatch
c:\users\carl\source\repos\djikstraimplementation\djikstraimplementation\djikalg.cpp(233): warning C4018: '<': signed/unsigned mismatch
c:\users\carl\source\repos\djikstraimplementation\djikstraimplementation\djikalg.cpp(241): warning C4018: '<': signed/unsigned mismatch
c:\users\carl\source\repos\djikstraimplementation\djikstraimplementation\djikalg.cpp(253): warning C4018: '>=': signed/unsigned mismatch
c:\users\carl\source\repos\djikstraimplementation\djikstraimplementation\djikalg.cpp(262): warning C4018: '<': signed/unsigned mismatch
c:\users\carl\source\repos\djikstraimplementation\djikstraimplementation\djikalg.cpp(270): warning C4018: '<': signed/unsigned mismatch
c:\users\carl\source\repos\djikstraimplementation\djikstraimplementation\djikalg.cpp(278): warning C4018: '<': signed/unsigned mismatch
c:\users\carl\source\repos\djikstraimplementation\djikstraimplementation\djikalg.cpp(288): warning C4018: '<': signed/unsigned mismatch
c:\users\carl\source\repos\djikstraimplementation\djikstraimplementation\djikalg.cpp(308): warning C4018: '>=': signed/unsigned mismatch
c:\users\carl\source\repos\djikstraimplementation\djikstraimplementation\djikalg.cpp(312): warning C4018: '>=': signed/unsigned mismatch
c:\users\carl\source\repos\djikstraimplementation\djikstraimplementation\djikalg.cpp(317): warning C4018: '<': signed/unsigned mismatch
c:\users\carl\source\repos\djikstraimplementation\djikstraimplementation\djikalg.cpp(336): warning C4018: '<': signed/unsigned mismatch
c:\users\carl\source\repos\djikstraimplementation\djikstraimplementation\djikalg.cpp(359): warning C4018: '<': signed/unsigned mismatch
c:\users\carl\source\repos\djikstraimplementation\djikstraimplementation\djikalg.cpp(380): warning C4018: '>=': signed/unsigned mismatch
c:\users\carl\source\repos\djikstraimplementation\djikstraimplementation\djikalg.cpp(384): warning C4018: '>=': signed/unsigned mismatch
c:\users\carl\source\repos\djikstraimplementation\djikstraimplementation\djikalg.cpp(390): warning C4018: '<': signed/unsigned mismatch
c:\users\carl\source\repos\djikstraimplementation\djikstraimplementation\djikalg.cpp(402): warning C4018: '<': signed/unsigned mismatch
c:\users\carl\source\repos\djikstraimplementation\djikstraimplementation\djikalg.cpp(413): warning C4018: '<': signed/unsigned mismatch
c:\users\carl\source\repos\djikstraimplementation\djikstraimplementation\djikalg.cpp(434): warning C4018: '>=': signed/unsigned mismatch
c:\users\carl\source\repos\djikstraimplementation\djikstraimplementation\djikalg.cpp(445): warning C4018: '<': signed/unsigned mismatch
c:\users\carl\source\repos\djikstraimplementation\djikstraimplementation\djikalg.cpp(453): warning C4018: '<': signed/unsigned mismatch
c:\users\carl\source\repos\djikstraimplementation\djikstraimplementation\djikalg.cpp(469): warning C4018: '<': signed/unsigned mismatch
c:\users\carl\source\repos\djikstraimplementation\djikstraimplementation\djikalg.cpp(481): warning C4018: '<': signed/unsigned mismatch
c:\users\carl\source\repos\djikstraimplementation\djikstraimplementation\djikalg.cpp(498): warning C4018: '<': signed/unsigned mismatch
c:\users\carl\source\repos\djikstraimplementation\djikstraimplementation\djikalg.cpp(505): warning C4018: '<': signed/unsigned mismatch
c:\users\carl\source\repos\djikstraimplementation\djikstraimplementation\djikalg.cpp(507): warning C4018: '<': signed/unsigned mismatch
c:\users\carl\source\repos\djikstraimplementation\djikstraimplementation\djikalg.cpp(526): warning C4018: '<': signed/unsigned mismatch
c:\users\carl\source\repos\djikstraimplementation\djikstraimplementation\djikalg.cpp(546): warning C4018: '<': signed/unsigned mismatch
c:\users\carl\source\repos\djikstraimplementation\djikstraimplementation\djikalg.cpp(549): warning C4018: '<': signed/unsigned mismatch
c:\users\carl\source\repos\djikstraimplementation\djikstraimplementation\djikalg.cpp(562): warning C4018: '<': signed/unsigned mismatch
c:\users\carl\source\repos\djikstraimplementation\djikstraimplementation\djikalg.cpp(575): warning C4018: '<': signed/unsigned mismatch
c:\users\carl\source\repos\djikstraimplementation\djikstraimplementation\djikalg.cpp(588): warning C4018: '<': signed/unsigned mismatch
c:\users\carl\source\repos\djikstraimplementation\djikstraimplementation\djikalg.cpp(603): warning C4018: '<': signed/unsigned mismatch
c:\users\carl\source\repos\djikstraimplementation\djikstraimplementation\djikalg.cpp(639): warning C4018: '<': signed/unsigned mismatch
  DjikstraImplementation.vcxproj -> C:\Users\Carl\source\repos\DjikstraImplementation\x64\Release\DjikstraImplementation.lib
